<?xml version="1.0" encoding="UTF-8"?>
<!-- Generated by org.testng.reporters.JUnitXMLReporter -->
<testsuite ignored="0" hostname="Gayatri-LP" failures="2" tests="5" name="Test" time="3.416" errors="0" timestamp="2023-06-22T15:26:28 PDT">
  <testcase classname="api.tests.UserTest" name="createUserTest" time="2.034">
    <failure type="java.lang.RuntimeException" message="com.fasterxml.jackson.databind.exc.UnrecognizedPropertyException: Unrecognized field &amp;quot;code&amp;quot; (class api.payload.pojos.User), not marked as ignorable (8 known properties: &amp;quot;lastName&amp;quot;, &amp;quot;username&amp;quot;, &amp;quot;id&amp;quot;, &amp;quot;email&amp;quot;, &amp;quot;userStatus&amp;quot;, &amp;quot;phone&amp;quot;, &amp;quot;firstName&amp;quot;, &amp;quot;password&amp;quot;])
 at [Source: (String)&amp;quot;{&amp;quot;code&amp;quot;:200,&amp;quot;type&amp;quot;:&amp;quot;unknown&amp;quot;,&amp;quot;message&amp;quot;:&amp;quot;117885704&amp;quot;}&amp;quot;; line: 1, column: 12] (through reference chain: api.payload.pojos.User[&amp;quot;code&amp;quot;])">
      <![CDATA[java.lang.RuntimeException: com.fasterxml.jackson.databind.exc.UnrecognizedPropertyException: Unrecognized field "code" (class api.payload.pojos.User), not marked as ignorable (8 known properties: "lastName", "username", "id", "email", "userStatus", "phone", "firstName", "password"])
 at [Source: (String)"{"code":200,"type":"unknown","message":"117885704"}"; line: 1, column: 12] (through reference chain: api.payload.pojos.User["code"])
at io.restassured.internal.path.json.mapping.JsonPathJackson2ObjectDeserializer.deserialize(JsonPathJackson2ObjectDeserializer.java:30)
at io.restassured.path.json.mapping.JsonPathObjectDeserializer$deserialize.call(Unknown Source)
at org.codehaus.groovy.runtime.callsite.CallSiteArray.defaultCall(CallSiteArray.java:46)
at org.codehaus.groovy.runtime.callsite.AbstractCallSite.call(AbstractCallSite.java:125)
at org.codehaus.groovy.runtime.callsite.AbstractCallSite.call(AbstractCallSite.java:139)
at io.restassured.internal.mapping.Jackson2Mapper.deserialize(Jackson2Mapper.groovy:58)
at io.restassured.mapper.ObjectMapper$deserialize$0.call(Unknown Source)
at org.codehaus.groovy.runtime.callsite.CallSiteArray.defaultCall(CallSiteArray.java:46)
at org.codehaus.groovy.runtime.callsite.AbstractCallSite.call(AbstractCallSite.java:125)
at org.codehaus.groovy.runtime.callsite.AbstractCallSite.call(AbstractCallSite.java:139)
at io.restassured.internal.mapping.ObjectMapping.parseWithJackson2(ObjectMapping.groovy:254)
at io.restassured.internal.mapping.ObjectMapping$parseWithJackson2$1.callStatic(Unknown Source)
at org.codehaus.groovy.runtime.callsite.CallSiteArray.defaultCallStatic(CallSiteArray.java:54)
at org.codehaus.groovy.runtime.callsite.AbstractCallSite.callStatic(AbstractCallSite.java:217)
at org.codehaus.groovy.runtime.callsite.AbstractCallSite.callStatic(AbstractCallSite.java:240)
at io.restassured.internal.mapping.ObjectMapping.deserialize(ObjectMapping.groovy:56)
at io.restassured.internal.mapping.ObjectMapping$deserialize$0.call(Unknown Source)
at org.codehaus.groovy.runtime.callsite.CallSiteArray.defaultCall(CallSiteArray.java:46)
at org.codehaus.groovy.runtime.callsite.AbstractCallSite.call(AbstractCallSite.java:125)
at io.restassured.internal.RestAssuredResponseOptionsGroovyImpl.as(RestAssuredResponseOptionsGroovyImpl.groovy:231)
at io.restassured.internal.RestAssuredResponseOptionsImpl.as(RestAssuredResponseOptionsImpl.java:169)
at api.tests.UserTest.createUserTest(UserTest.java:34)
at java.base/java.util.ArrayList.forEach(ArrayList.java:1511)
Caused by: com.fasterxml.jackson.databind.exc.UnrecognizedPropertyException: Unrecognized field "code" (class api.payload.pojos.User), not marked as ignorable (8 known properties: "lastName", "username", "id", "email", "userStatus", "phone", "firstName", "password"])
 at [Source: (String)"{"code":200,"type":"unknown","message":"117885704"}"; line: 1, column: 12] (through reference chain: api.payload.pojos.User["code"])
at com.fasterxml.jackson.databind.exc.UnrecognizedPropertyException.from(UnrecognizedPropertyException.java:61)
at com.fasterxml.jackson.databind.DeserializationContext.handleUnknownProperty(DeserializationContext.java:1127)
at com.fasterxml.jackson.databind.deser.std.StdDeserializer.handleUnknownProperty(StdDeserializer.java:1989)
at com.fasterxml.jackson.databind.deser.BeanDeserializerBase.handleUnknownProperty(BeanDeserializerBase.java:1700)
at com.fasterxml.jackson.databind.deser.BeanDeserializerBase.handleUnknownVanilla(BeanDeserializerBase.java:1678)
at com.fasterxml.jackson.databind.deser.BeanDeserializer.vanillaDeserialize(BeanDeserializer.java:319)
at com.fasterxml.jackson.databind.deser.BeanDeserializer.deserialize(BeanDeserializer.java:176)
at com.fasterxml.jackson.databind.deser.DefaultDeserializationContext.readRootValue(DefaultDeserializationContext.java:322)
at com.fasterxml.jackson.databind.ObjectMapper._readMapAndClose(ObjectMapper.java:4674)
at com.fasterxml.jackson.databind.ObjectMapper.readValue(ObjectMapper.java:3629)
at io.restassured.internal.path.json.mapping.JsonPathJackson2ObjectDeserializer.deserialize(JsonPathJackson2ObjectDeserializer.java:28)
... 47 more
... Removed 25 stack frames]]>
    </failure>
  </testcase> <!-- createUserTest -->
  <testcase classname="api.tests.UserTest" name="getUserTest" time="0.002">
    <failure type="java.lang.IllegalArgumentException" message="parameterValue cannot be null">
      <![CDATA[java.lang.IllegalArgumentException: parameterValue cannot be null
at org.codehaus.groovy.runtime.callsite.ConstructorSite$ConstructorSiteNoUnwrap.callConstructor(ConstructorSite.java:86)
at org.codehaus.groovy.runtime.callsite.CallSiteArray.defaultCallConstructor(CallSiteArray.java:58)
at org.codehaus.groovy.runtime.callsite.AbstractCallSite.callConstructor(AbstractCallSite.java:263)
at org.codehaus.groovy.runtime.callsite.AbstractCallSite.callConstructor(AbstractCallSite.java:277)
at io.restassured.internal.common.assertion.AssertParameter.notNull(AssertParameter.groovy:26)
at io.restassured.internal.common.assertion.AssertParameter$notNull.callStatic(Unknown Source)
at org.codehaus.groovy.runtime.callsite.CallSiteArray.defaultCallStatic(CallSiteArray.java:54)
at org.codehaus.groovy.runtime.callsite.AbstractCallSite.callStatic(AbstractCallSite.java:217)
at org.codehaus.groovy.runtime.callsite.AbstractCallSite.callStatic(AbstractCallSite.java:240)
at io.restassured.internal.RequestSpecificationImpl.pathParam(RequestSpecificationImpl.groovy:515)
at api.endpoints.UserEndpoint.getUser(UserEndpoint.java:25)
at api.tests.UserTest.getUserTest(UserTest.java:48)
at java.base/java.util.ArrayList.forEach(ArrayList.java:1511)
... Removed 30 stack frames]]>
    </failure>
  </testcase> <!-- getUserTest -->
  <testcase classname="api.tests.UserTest" name="updateUserTest" time="0.491"/>
  <testcase classname="api.tests.UserTest" name="patchUser" time="0.001"/>
  <testcase classname="api.tests.UserTest" name="deleteUserTest" time="0.421"/>
</testsuite> <!-- Test -->
