<?xml version="1.0" encoding="UTF-8"?>
<!-- Generated by org.testng.reporters.JUnitXMLReporter -->
<testsuite ignored="0" hostname="Gayatri-LP" failures="0" tests="5" name="Test" time="3.869" errors="0" timestamp="2023-06-06T16:47:40 PDT">
  <testcase classname="api.tests.UserTest" name="createUserTest" time="2.117"/>
  <testcase classname="api.tests.UserTest" name="getUserTest" time="0.466"/>
  <testcase classname="api.tests.UserTest" name="updateUserTest" time="0.423"/>
  <testcase classname="api.tests.UserTest" name="patchUser" time="0.0"/>
  <testcase classname="api.tests.UserTest" name="deleteUserTest" time="0.422"/>
</testsuite> <!-- Test -->
