<?xml version="1.0" encoding="UTF-8"?>
<testsuite xmlns:xsi="http://www.w3.org/2001/XMLSchema-instance" xsi:noNamespaceSchemaLocation="https://maven.apache.org/surefire/maven-surefire-plugin/xsd/surefire-test-report-3.0.xsd" version="3.0" name="TestSuite" time="5.223" tests="5" errors="0" skipped="0" failures="0">
  <properties>
[...]
</properties>
  <testcase name="createUserTest" classname="api.tests.UserTest" time="2.121">
    <system-out><![CDATA[static code from TestBase
https://petstore.swagger.io/v2
onStart()
*********createUser()
HTTP/1.1 200 OK
Date: Tue, 06 Jun 2023 23:47:38 GMT
Content-Type: application/json
Transfer-Encoding: chunked
Connection: keep-alive
Access-Control-Allow-Origin: *
Access-Control-Allow-Methods: GET, POST, DELETE, PUT
Access-Control-Allow-Headers: Content-Type, api_key, Authorization
Server: Jetty(9.2.9.v20150224)

{
    "code": 200,
    "type": "unknown",
    "message": "1553077867"
}
]]></system-out>
    <system-err><![CDATA[SLF4J: Failed to load class "org.slf4j.impl.StaticLoggerBinder".
SLF4J: Defaulting to no-operation (NOP) logger implementation
SLF4J: See http://www.slf4j.org/codes.html#StaticLoggerBinder for further details.
]]></system-err>
  </testcase>
  <testcase name="getUserTest" classname="api.tests.UserTest" time="0.466">
    <system-out><![CDATA[************getUser()
HTTP/1.1 200 OK
Date: Tue, 06 Jun 2023 23:47:39 GMT
Content-Type: application/json
Transfer-Encoding: chunked
Connection: keep-alive
Access-Control-Allow-Origin: *
Access-Control-Allow-Methods: GET, POST, DELETE, PUT
Access-Control-Allow-Headers: Content-Type, api_key, Authorization
Server: Jetty(9.2.9.v20150224)

{
    "id": 1553077867,
    "username": "stacy.pouros",
    "firstName": "Brady",
    "lastName": "Koepp",
    "email": "penny.kub@example.com",
    "password": "0by7p1zyoht",
    "phone": "1-569-296-2383",
    "userStatus": 0
}
]]></system-out>
  </testcase>
  <testcase name="updateUserTest" classname="api.tests.UserTest" time="0.424">
    <system-out><![CDATA[*********updateUser()
HTTP/1.1 200 OK
Date: Tue, 06 Jun 2023 23:47:39 GMT
Content-Type: application/json
Transfer-Encoding: chunked
Connection: keep-alive
Access-Control-Allow-Origin: *
Access-Control-Allow-Methods: GET, POST, DELETE, PUT
Access-Control-Allow-Headers: Content-Type, api_key, Authorization
Server: Jetty(9.2.9.v20150224)

{
    "code": 200,
    "type": "unknown",
    "message": "1553077867"
}
]]></system-out>
  </testcase>
  <testcase name="patchUser" classname="api.tests.UserTest" time="0.001"/>
  <testcase name="deleteUserTest" classname="api.tests.UserTest" time="0.422">
    <system-out><![CDATA[*********deleteUser()
HTTP/1.1 200 OK
Date: Tue, 06 Jun 2023 23:47:39 GMT
Content-Type: application/json
Transfer-Encoding: chunked
Connection: keep-alive
Access-Control-Allow-Origin: *
Access-Control-Allow-Methods: GET, POST, DELETE, PUT
Access-Control-Allow-Headers: Content-Type, api_key, Authorization
Server: Jetty(9.2.9.v20150224)

{
    "code": 200,
    "type": "unknown",
    "message": "stacy.pouros"
}
]]></system-out>
  </testcase>
</testsuite>